<?xml version="1.0" encoding="UTF-8"?>
<testsuite xmlns:xsi="http://www.w3.org/2001/XMLSchema-instance" xsi:noNamespaceSchemaLocation="https://maven.apache.org/surefire/maven-surefire-plugin/xsd/surefire-test-report-3.0.xsd" version="3.0" name="com.lucky.service.impl.UserServiceImplTest" time="0.334" tests="1" errors="0" skipped="0" failures="0">
  <properties>
    <property name="java.specification.version" value="21"/>
    <property name="sun.cpu.isalist" value="amd64"/>
    <property name="sun.jnu.encoding" value="GBK"/>
    <property name="java.class.path" value="D:\Program Files\ProjectFile\Stitch_Pro\Star_T\target\test-classes;D:\Program Files\ProjectFile\Stitch_Pro\Star_T\target\classes;D:\Program Files\apache-maven-3.9.9\repository\org\springframework\spring-context\6.1.14\spring-context-6.1.14.jar;D:\Program Files\apache-maven-3.9.9\repository\io\micrometer\micrometer-observation\1.12.11\micrometer-observation-1.12.11.jar;D:\Program Files\apache-maven-3.9.9\repository\io\micrometer\micrometer-commons\1.12.11\micrometer-commons-1.12.11.jar;D:\Program Files\apache-maven-3.9.9\repository\org\springframework\spring-core\6.1.14\spring-core-6.1.14.jar;D:\Program Files\apache-maven-3.9.9\repository\org\springframework\spring-jcl\6.1.14\spring-jcl-6.1.14.jar;D:\Program Files\apache-maven-3.9.9\repository\org\springframework\spring-beans\6.1.14\spring-beans-6.1.14.jar;D:\Program Files\apache-maven-3.9.9\repository\org\springframework\spring-context-support\6.1.14\spring-context-support-6.1.14.jar;D:\Program Files\apache-maven-3.9.9\repository\org\springframework\spring-aop\6.1.14\spring-aop-6.1.14.jar;D:\Program Files\apache-maven-3.9.9\repository\org\springframework\spring-aspects\6.1.14\spring-aspects-6.1.14.jar;D:\Program Files\apache-maven-3.9.9\repository\org\aspectj\aspectjweaver\1.9.22.1\aspectjweaver-1.9.22.1.jar;D:\Program Files\apache-maven-3.9.9\repository\org\springframework\spring-expression\6.1.14\spring-expression-6.1.14.jar;D:\Program Files\apache-maven-3.9.9\repository\org\springframework\spring-jdbc\6.1.14\spring-jdbc-6.1.14.jar;D:\Program Files\apache-maven-3.9.9\repository\org\springframework\spring-orm\6.1.14\spring-orm-6.1.14.jar;D:\Program Files\apache-maven-3.9.9\repository\org\springframework\spring-tx\6.1.14\spring-tx-6.1.14.jar;D:\Program Files\apache-maven-3.9.9\repository\org\springframework\spring-test\6.1.14\spring-test-6.1.14.jar;D:\Program Files\apache-maven-3.9.9\repository\org\springframework\spring-web\6.1.14\spring-web-6.1.14.jar;D:\Program Files\apache-maven-3.9.9\repository\org\springframework\spring-webmvc\6.1.14\spring-webmvc-6.1.14.jar;D:\Program Files\apache-maven-3.9.9\repository\org\springframework\boot\spring-boot-starter-test\3.0.6\spring-boot-starter-test-3.0.6.jar;D:\Program Files\apache-maven-3.9.9\repository\org\springframework\boot\spring-boot-starter\3.0.6\spring-boot-starter-3.0.6.jar;D:\Program Files\apache-maven-3.9.9\repository\org\springframework\boot\spring-boot\3.0.6\spring-boot-3.0.6.jar;D:\Program Files\apache-maven-3.9.9\repository\org\springframework\boot\spring-boot-autoconfigure\3.0.6\spring-boot-autoconfigure-3.0.6.jar;D:\Program Files\apache-maven-3.9.9\repository\org\springframework\boot\spring-boot-starter-logging\3.0.6\spring-boot-starter-logging-3.0.6.jar;D:\Program Files\apache-maven-3.9.9\repository\org\apache\logging\log4j\log4j-to-slf4j\2.19.0\log4j-to-slf4j-2.19.0.jar;D:\Program Files\apache-maven-3.9.9\repository\org\apache\logging\log4j\log4j-api\2.19.0\log4j-api-2.19.0.jar;D:\Program Files\apache-maven-3.9.9\repository\org\slf4j\jul-to-slf4j\2.0.7\jul-to-slf4j-2.0.7.jar;D:\Program Files\apache-maven-3.9.9\repository\org\yaml\snakeyaml\1.33\snakeyaml-1.33.jar;D:\Program Files\apache-maven-3.9.9\repository\org\springframework\boot\spring-boot-test\3.0.6\spring-boot-test-3.0.6.jar;D:\Program Files\apache-maven-3.9.9\repository\org\springframework\boot\spring-boot-test-autoconfigure\3.0.6\spring-boot-test-autoconfigure-3.0.6.jar;D:\Program Files\apache-maven-3.9.9\repository\com\jayway\jsonpath\json-path\2.7.0\json-path-2.7.0.jar;D:\Program Files\apache-maven-3.9.9\repository\net\minidev\json-smart\2.4.7\json-smart-2.4.7.jar;D:\Program Files\apache-maven-3.9.9\repository\net\minidev\accessors-smart\2.4.7\accessors-smart-2.4.7.jar;D:\Program Files\apache-maven-3.9.9\repository\org\ow2\asm\asm\9.1\asm-9.1.jar;D:\Program Files\apache-maven-3.9.9\repository\jakarta\xml\bind\jakarta.xml.bind-api\4.0.0\jakarta.xml.bind-api-4.0.0.jar;D:\Program Files\apache-maven-3.9.9\repository\jakarta\activation\jakarta.activation-api\2.1.0\jakarta.activation-api-2.1.0.jar;D:\Program Files\apache-maven-3.9.9\repository\org\assertj\assertj-core\3.23.1\assertj-core-3.23.1.jar;D:\Program Files\apache-maven-3.9.9\repository\net\bytebuddy\byte-buddy\1.12.10\byte-buddy-1.12.10.jar;D:\Program Files\apache-maven-3.9.9\repository\org\hamcrest\hamcrest\2.2\hamcrest-2.2.jar;D:\Program Files\apache-maven-3.9.9\repository\org\junit\jupiter\junit-jupiter\5.9.2\junit-jupiter-5.9.2.jar;D:\Program Files\apache-maven-3.9.9\repository\org\junit\jupiter\junit-jupiter-api\5.9.2\junit-jupiter-api-5.9.2.jar;D:\Program Files\apache-maven-3.9.9\repository\org\opentest4j\opentest4j\1.2.0\opentest4j-1.2.0.jar;D:\Program Files\apache-maven-3.9.9\repository\org\junit\platform\junit-platform-commons\1.9.2\junit-platform-commons-1.9.2.jar;D:\Program Files\apache-maven-3.9.9\repository\org\apiguardian\apiguardian-api\1.1.2\apiguardian-api-1.1.2.jar;D:\Program Files\apache-maven-3.9.9\repository\org\junit\jupiter\junit-jupiter-params\5.9.2\junit-jupiter-params-5.9.2.jar;D:\Program Files\apache-maven-3.9.9\repository\org\junit\jupiter\junit-jupiter-engine\5.9.2\junit-jupiter-engine-5.9.2.jar;D:\Program Files\apache-maven-3.9.9\repository\org\junit\platform\junit-platform-engine\1.9.2\junit-platform-engine-1.9.2.jar;D:\Program Files\apache-maven-3.9.9\repository\org\mockito\mockito-core\4.8.1\mockito-core-4.8.1.jar;D:\Program Files\apache-maven-3.9.9\repository\net\bytebuddy\byte-buddy-agent\1.12.16\byte-buddy-agent-1.12.16.jar;D:\Program Files\apache-maven-3.9.9\repository\org\objenesis\objenesis\3.2\objenesis-3.2.jar;D:\Program Files\apache-maven-3.9.9\repository\org\mockito\mockito-junit-jupiter\4.8.1\mockito-junit-jupiter-4.8.1.jar;D:\Program Files\apache-maven-3.9.9\repository\org\skyscreamer\jsonassert\1.5.1\jsonassert-1.5.1.jar;D:\Program Files\apache-maven-3.9.9\repository\com\vaadin\external\google\android-json\0.0.20131108.vaadin1\android-json-0.0.20131108.vaadin1.jar;D:\Program Files\apache-maven-3.9.9\repository\org\xmlunit\xmlunit-core\2.9.1\xmlunit-core-2.9.1.jar;D:\Program Files\apache-maven-3.9.9\repository\com\mysql\mysql-connector-j\8.0.33\mysql-connector-j-8.0.33.jar;D:\Program Files\apache-maven-3.9.9\repository\com\google\protobuf\protobuf-java\3.21.9\protobuf-java-3.21.9.jar;D:\Program Files\apache-maven-3.9.9\repository\com\alibaba\druid\1.2.22\druid-1.2.22.jar;D:\Program Files\apache-maven-3.9.9\repository\com\mchange\c3p0\0.9.5.5\c3p0-0.9.5.5.jar;D:\Program Files\apache-maven-3.9.9\repository\com\mchange\mchange-commons-java\0.2.19\mchange-commons-java-0.2.19.jar;D:\Program Files\apache-maven-3.9.9\repository\ch\qos\logback\logback-classic\1.4.11\logback-classic-1.4.11.jar;D:\Program Files\apache-maven-3.9.9\repository\ch\qos\logback\logback-core\1.4.11\logback-core-1.4.11.jar;D:\Program Files\apache-maven-3.9.9\repository\org\slf4j\slf4j-api\2.0.7\slf4j-api-2.0.7.jar;D:\Program Files\apache-maven-3.9.9\repository\org\mybatis\mybatis\3.5.6\mybatis-3.5.6.jar;D:\Program Files\apache-maven-3.9.9\repository\org\mybatis\mybatis-spring\3.0.3\mybatis-spring-3.0.3.jar;D:\Program Files\apache-maven-3.9.9\repository\org\apache\maven\plugins\maven-deploy-plugin\3.1.0\maven-deploy-plugin-3.1.0.jar;D:\Program Files\apache-maven-3.9.9\repository\org\codehaus\plexus\plexus-utils\3.5.0\plexus-utils-3.5.0.jar;D:\Program Files\apache-maven-3.9.9\repository\org\eclipse\aether\aether-util\1.0.0.v20140518\aether-util-1.0.0.v20140518.jar;D:\Program Files\apache-maven-3.9.9\repository\org\eclipse\aether\aether-api\1.0.0.v20140518\aether-api-1.0.0.v20140518.jar;D:\Program Files\apache-maven-3.9.9\repository\com\alibaba\fastjson2\fastjson2\2.0.51\fastjson2-2.0.51.jar;D:\Program Files\apache-maven-3.9.9\repository\com\alibaba\fastjson2\fastjson2-extension-spring6\2.0.51\fastjson2-extension-spring6-2.0.51.jar;D:\Program Files\apache-maven-3.9.9\repository\com\alibaba\fastjson2\fastjson2-extension\2.0.51\fastjson2-extension-2.0.51.jar;D:\Program Files\apache-maven-3.9.9\repository\jakarta\servlet\jakarta.servlet-api\6.1.0\jakarta.servlet-api-6.1.0.jar;D:\Program Files\apache-maven-3.9.9\repository\jakarta\annotation\jakarta.annotation-api\2.1.1\jakarta.annotation-api-2.1.1.jar;D:\Program Files\apache-maven-3.9.9\repository\junit\junit\4.13.1\junit-4.13.1.jar;D:\Program Files\apache-maven-3.9.9\repository\org\hamcrest\hamcrest-core\1.3\hamcrest-core-1.3.jar;"/>
    <property name="java.vm.vendor" value="Oracle Corporation"/>
    <property name="sun.arch.data.model" value="64"/>
    <property name="user.variant" value=""/>
    <property name="java.vendor.url" value="https://java.oracle.com/"/>
    <property name="user.timezone" value="Asia/Shanghai"/>
    <property name="os.name" value="Windows 11"/>
    <property name="java.vm.specification.version" value="21"/>
    <property name="sun.java.launcher" value="SUN_STANDARD"/>
    <property name="user.country" value="CN"/>
    <property name="sun.boot.library.path" value="D:\Program Files\Java\jdk-21\bin"/>
    <property name="sun.java.command" value="C:\Users\lkwyo\AppData\Local\Temp\surefire16491956328642443678\surefirebooter-20250406151907884_3.jar C:\Users\lkwyo\AppData\Local\Temp\surefire16491956328642443678 2025-04-06T15-19-06_373-jvmRun1 surefire-20250406151907884_1tmp surefire_0-20250406151907884_2tmp"/>
    <property name="jdk.debug" value="release"/>
    <property name="surefire.test.class.path" value="D:\Program Files\ProjectFile\Stitch_Pro\Star_T\target\test-classes;D:\Program Files\ProjectFile\Stitch_Pro\Star_T\target\classes;D:\Program Files\apache-maven-3.9.9\repository\org\springframework\spring-context\6.1.14\spring-context-6.1.14.jar;D:\Program Files\apache-maven-3.9.9\repository\io\micrometer\micrometer-observation\1.12.11\micrometer-observation-1.12.11.jar;D:\Program Files\apache-maven-3.9.9\repository\io\micrometer\micrometer-commons\1.12.11\micrometer-commons-1.12.11.jar;D:\Program Files\apache-maven-3.9.9\repository\org\springframework\spring-core\6.1.14\spring-core-6.1.14.jar;D:\Program Files\apache-maven-3.9.9\repository\org\springframework\spring-jcl\6.1.14\spring-jcl-6.1.14.jar;D:\Program Files\apache-maven-3.9.9\repository\org\springframework\spring-beans\6.1.14\spring-beans-6.1.14.jar;D:\Program Files\apache-maven-3.9.9\repository\org\springframework\spring-context-support\6.1.14\spring-context-support-6.1.14.jar;D:\Program Files\apache-maven-3.9.9\repository\org\springframework\spring-aop\6.1.14\spring-aop-6.1.14.jar;D:\Program Files\apache-maven-3.9.9\repository\org\springframework\spring-aspects\6.1.14\spring-aspects-6.1.14.jar;D:\Program Files\apache-maven-3.9.9\repository\org\aspectj\aspectjweaver\1.9.22.1\aspectjweaver-1.9.22.1.jar;D:\Program Files\apache-maven-3.9.9\repository\org\springframework\spring-expression\6.1.14\spring-expression-6.1.14.jar;D:\Program Files\apache-maven-3.9.9\repository\org\springframework\spring-jdbc\6.1.14\spring-jdbc-6.1.14.jar;D:\Program Files\apache-maven-3.9.9\repository\org\springframework\spring-orm\6.1.14\spring-orm-6.1.14.jar;D:\Program Files\apache-maven-3.9.9\repository\org\springframework\spring-tx\6.1.14\spring-tx-6.1.14.jar;D:\Program Files\apache-maven-3.9.9\repository\org\springframework\spring-test\6.1.14\spring-test-6.1.14.jar;D:\Program Files\apache-maven-3.9.9\repository\org\springframework\spring-web\6.1.14\spring-web-6.1.14.jar;D:\Program Files\apache-maven-3.9.9\repository\org\springframework\spring-webmvc\6.1.14\spring-webmvc-6.1.14.jar;D:\Program Files\apache-maven-3.9.9\repository\org\springframework\boot\spring-boot-starter-test\3.0.6\spring-boot-starter-test-3.0.6.jar;D:\Program Files\apache-maven-3.9.9\repository\org\springframework\boot\spring-boot-starter\3.0.6\spring-boot-starter-3.0.6.jar;D:\Program Files\apache-maven-3.9.9\repository\org\springframework\boot\spring-boot\3.0.6\spring-boot-3.0.6.jar;D:\Program Files\apache-maven-3.9.9\repository\org\springframework\boot\spring-boot-autoconfigure\3.0.6\spring-boot-autoconfigure-3.0.6.jar;D:\Program Files\apache-maven-3.9.9\repository\org\springframework\boot\spring-boot-starter-logging\3.0.6\spring-boot-starter-logging-3.0.6.jar;D:\Program Files\apache-maven-3.9.9\repository\org\apache\logging\log4j\log4j-to-slf4j\2.19.0\log4j-to-slf4j-2.19.0.jar;D:\Program Files\apache-maven-3.9.9\repository\org\apache\logging\log4j\log4j-api\2.19.0\log4j-api-2.19.0.jar;D:\Program Files\apache-maven-3.9.9\repository\org\slf4j\jul-to-slf4j\2.0.7\jul-to-slf4j-2.0.7.jar;D:\Program Files\apache-maven-3.9.9\repository\org\yaml\snakeyaml\1.33\snakeyaml-1.33.jar;D:\Program Files\apache-maven-3.9.9\repository\org\springframework\boot\spring-boot-test\3.0.6\spring-boot-test-3.0.6.jar;D:\Program Files\apache-maven-3.9.9\repository\org\springframework\boot\spring-boot-test-autoconfigure\3.0.6\spring-boot-test-autoconfigure-3.0.6.jar;D:\Program Files\apache-maven-3.9.9\repository\com\jayway\jsonpath\json-path\2.7.0\json-path-2.7.0.jar;D:\Program Files\apache-maven-3.9.9\repository\net\minidev\json-smart\2.4.7\json-smart-2.4.7.jar;D:\Program Files\apache-maven-3.9.9\repository\net\minidev\accessors-smart\2.4.7\accessors-smart-2.4.7.jar;D:\Program Files\apache-maven-3.9.9\repository\org\ow2\asm\asm\9.1\asm-9.1.jar;D:\Program Files\apache-maven-3.9.9\repository\jakarta\xml\bind\jakarta.xml.bind-api\4.0.0\jakarta.xml.bind-api-4.0.0.jar;D:\Program Files\apache-maven-3.9.9\repository\jakarta\activation\jakarta.activation-api\2.1.0\jakarta.activation-api-2.1.0.jar;D:\Program Files\apache-maven-3.9.9\repository\org\assertj\assertj-core\3.23.1\assertj-core-3.23.1.jar;D:\Program Files\apache-maven-3.9.9\repository\net\bytebuddy\byte-buddy\1.12.10\byte-buddy-1.12.10.jar;D:\Program Files\apache-maven-3.9.9\repository\org\hamcrest\hamcrest\2.2\hamcrest-2.2.jar;D:\Program Files\apache-maven-3.9.9\repository\org\junit\jupiter\junit-jupiter\5.9.2\junit-jupiter-5.9.2.jar;D:\Program Files\apache-maven-3.9.9\repository\org\junit\jupiter\junit-jupiter-api\5.9.2\junit-jupiter-api-5.9.2.jar;D:\Program Files\apache-maven-3.9.9\repository\org\opentest4j\opentest4j\1.2.0\opentest4j-1.2.0.jar;D:\Program Files\apache-maven-3.9.9\repository\org\junit\platform\junit-platform-commons\1.9.2\junit-platform-commons-1.9.2.jar;D:\Program Files\apache-maven-3.9.9\repository\org\apiguardian\apiguardian-api\1.1.2\apiguardian-api-1.1.2.jar;D:\Program Files\apache-maven-3.9.9\repository\org\junit\jupiter\junit-jupiter-params\5.9.2\junit-jupiter-params-5.9.2.jar;D:\Program Files\apache-maven-3.9.9\repository\org\junit\jupiter\junit-jupiter-engine\5.9.2\junit-jupiter-engine-5.9.2.jar;D:\Program Files\apache-maven-3.9.9\repository\org\junit\platform\junit-platform-engine\1.9.2\junit-platform-engine-1.9.2.jar;D:\Program Files\apache-maven-3.9.9\repository\org\mockito\mockito-core\4.8.1\mockito-core-4.8.1.jar;D:\Program Files\apache-maven-3.9.9\repository\net\bytebuddy\byte-buddy-agent\1.12.16\byte-buddy-agent-1.12.16.jar;D:\Program Files\apache-maven-3.9.9\repository\org\objenesis\objenesis\3.2\objenesis-3.2.jar;D:\Program Files\apache-maven-3.9.9\repository\org\mockito\mockito-junit-jupiter\4.8.1\mockito-junit-jupiter-4.8.1.jar;D:\Program Files\apache-maven-3.9.9\repository\org\skyscreamer\jsonassert\1.5.1\jsonassert-1.5.1.jar;D:\Program Files\apache-maven-3.9.9\repository\com\vaadin\external\google\android-json\0.0.20131108.vaadin1\android-json-0.0.20131108.vaadin1.jar;D:\Program Files\apache-maven-3.9.9\repository\org\xmlunit\xmlunit-core\2.9.1\xmlunit-core-2.9.1.jar;D:\Program Files\apache-maven-3.9.9\repository\com\mysql\mysql-connector-j\8.0.33\mysql-connector-j-8.0.33.jar;D:\Program Files\apache-maven-3.9.9\repository\com\google\protobuf\protobuf-java\3.21.9\protobuf-java-3.21.9.jar;D:\Program Files\apache-maven-3.9.9\repository\com\alibaba\druid\1.2.22\druid-1.2.22.jar;D:\Program Files\apache-maven-3.9.9\repository\com\mchange\c3p0\0.9.5.5\c3p0-0.9.5.5.jar;D:\Program Files\apache-maven-3.9.9\repository\com\mchange\mchange-commons-java\0.2.19\mchange-commons-java-0.2.19.jar;D:\Program Files\apache-maven-3.9.9\repository\ch\qos\logback\logback-classic\1.4.11\logback-classic-1.4.11.jar;D:\Program Files\apache-maven-3.9.9\repository\ch\qos\logback\logback-core\1.4.11\logback-core-1.4.11.jar;D:\Program Files\apache-maven-3.9.9\repository\org\slf4j\slf4j-api\2.0.7\slf4j-api-2.0.7.jar;D:\Program Files\apache-maven-3.9.9\repository\org\mybatis\mybatis\3.5.6\mybatis-3.5.6.jar;D:\Program Files\apache-maven-3.9.9\repository\org\mybatis\mybatis-spring\3.0.3\mybatis-spring-3.0.3.jar;D:\Program Files\apache-maven-3.9.9\repository\org\apache\maven\plugins\maven-deploy-plugin\3.1.0\maven-deploy-plugin-3.1.0.jar;D:\Program Files\apache-maven-3.9.9\repository\org\codehaus\plexus\plexus-utils\3.5.0\plexus-utils-3.5.0.jar;D:\Program Files\apache-maven-3.9.9\repository\org\eclipse\aether\aether-util\1.0.0.v20140518\aether-util-1.0.0.v20140518.jar;D:\Program Files\apache-maven-3.9.9\repository\org\eclipse\aether\aether-api\1.0.0.v20140518\aether-api-1.0.0.v20140518.jar;D:\Program Files\apache-maven-3.9.9\repository\com\alibaba\fastjson2\fastjson2\2.0.51\fastjson2-2.0.51.jar;D:\Program Files\apache-maven-3.9.9\repository\com\alibaba\fastjson2\fastjson2-extension-spring6\2.0.51\fastjson2-extension-spring6-2.0.51.jar;D:\Program Files\apache-maven-3.9.9\repository\com\alibaba\fastjson2\fastjson2-extension\2.0.51\fastjson2-extension-2.0.51.jar;D:\Program Files\apache-maven-3.9.9\repository\jakarta\servlet\jakarta.servlet-api\6.1.0\jakarta.servlet-api-6.1.0.jar;D:\Program Files\apache-maven-3.9.9\repository\jakarta\annotation\jakarta.annotation-api\2.1.1\jakarta.annotation-api-2.1.1.jar;D:\Program Files\apache-maven-3.9.9\repository\junit\junit\4.13.1\junit-4.13.1.jar;D:\Program Files\apache-maven-3.9.9\repository\org\hamcrest\hamcrest-core\1.3\hamcrest-core-1.3.jar;"/>
    <property name="sun.cpu.endian" value="little"/>
    <property name="user.home" value="C:\Users\lkwyo"/>
    <property name="user.language" value="zh"/>
    <property name="java.specification.vendor" value="Oracle Corporation"/>
    <property name="java.version.date" value="2025-01-21"/>
    <property name="java.home" value="D:\Program Files\Java\jdk-21"/>
    <property name="file.separator" value="\"/>
    <property name="basedir" value="D:\Program Files\ProjectFile\Stitch_Pro\Star_T"/>
    <property name="java.vm.compressedOopsMode" value="Zero based"/>
    <property name="line.separator" value="&#10;"/>
    <property name="java.vm.specification.vendor" value="Oracle Corporation"/>
    <property name="java.specification.name" value="Java Platform API Specification"/>
    <property name="FILE_LOG_CHARSET" value="UTF-8"/>
    <property name="java.awt.headless" value="true"/>
    <property name="surefire.real.class.path" value="C:\Users\lkwyo\AppData\Local\Temp\surefire16491956328642443678\surefirebooter-20250406151907884_3.jar"/>
    <property name="user.script" value=""/>
    <property name="sun.management.compiler" value="HotSpot 64-Bit Tiered Compilers"/>
    <property name="java.runtime.version" value="21.0.6+8-LTS-188"/>
    <property name="user.name" value="lkwyo"/>
    <property name="stdout.encoding" value="GBK"/>
    <property name="path.separator" value=";"/>
    <property name="os.version" value="10.0"/>
    <property name="java.runtime.name" value="Java(TM) SE Runtime Environment"/>
    <property name="file.encoding" value="UTF-8"/>
    <property name="java.vm.name" value="Java HotSpot(TM) 64-Bit Server VM"/>
    <property name="localRepository" value="D:\Program Files\apache-maven-3.9.9\repository"/>
    <property name="java.vendor.url.bug" value="https://bugreport.java.com/bugreport/"/>
    <property name="java.io.tmpdir" value="C:\Users\lkwyo\AppData\Local\Temp\"/>
    <property name="idea.version" value="2024.1"/>
    <property name="java.version" value="21.0.6"/>
    <property name="user.dir" value="D:\Program Files\ProjectFile\Stitch_Pro\Star_T"/>
    <property name="os.arch" value="amd64"/>
    <property name="java.vm.specification.name" value="Java Virtual Machine Specification"/>
    <property name="PID" value="14168"/>
    <property name="sun.os.patch.level" value=""/>
    <property name="CONSOLE_LOG_CHARSET" value="UTF-8"/>
    <property name="native.encoding" value="GBK"/>
    <property name="java.library.path" value="D:\Program Files\Java\jdk-21\bin;C:\WINDOWS\Sun\Java\bin;C:\WINDOWS\system32;C:\WINDOWS;C:\Program Files\Common Files\Oracle\Java\javapath;C:\Program Files (x86)\Common Files\Oracle\Java\javapath;C:\WINDOWS\system32;C:\WINDOWS;C:\WINDOWS\System32\Wbem;C:\WINDOWS\System32\WindowsPowerShell\v1.0\;C:\WINDOWS\System32\OpenSSH\;C:\Program Files\dotnet\;C:\Program Files\Bandizip\;C:\Program Files\NVIDIA Corporation\NVIDIA app\NvDLISR;C:\Program Files (x86)\NVIDIA Corporation\PhysX\Common;D:\Program Files\Java\jdk-21\bin;D:\Program Files\Java\jdk-21\jre\bin;D:\Program Files\apache-maven-3.9.9\bin;D:\Program Files\apache-tomcat-11.0.5\bin;C:\Program Files\Git\cmd;D:\Program Files\conda;D:\Program Files\conda\Scripts;D:\Program Files\conda\Library\bin;C:\Users\lkwyo\AppData\Local\Microsoft\WindowsApps;;C:\Users\lkwyo\.lmstudio\bin;C:\Users\lkwyo\AppData\Local\Microsoft\WindowsApps;d:\Program Files\JetBrains\IntelliJ IDEA 2024.1\bin;;d:\Program Files\JetBrains\PyCharm 2024.1\bin;;."/>
    <property name="java.vm.info" value="mixed mode, sharing"/>
    <property name="stderr.encoding" value="GBK"/>
    <property name="java.vendor" value="Oracle Corporation"/>
    <property name="java.vm.version" value="21.0.6+8-LTS-188"/>
    <property name="sun.io.unicode.encoding" value="UnicodeLittle"/>
    <property name="java.class.version" value="65.0"/>
  </properties>
  <testcase name="loginValidate" classname="com.lucky.service.impl.UserServiceImplTest" time="0.326">
    <system-out><![CDATA[true
]]></system-out>
  </testcase>
</testsuite>